<?xml version="1.0" encoding="UTF-8"?>
<!-- Generated by org.testng.reporters.JUnitReportReporter -->
<testsuite hostname="DESKTOP-ABLBB1N" failures="0" tests="5" name="testCases.TC003_LoginDDT" time="116.298" errors="0" timestamp="2025-01-02T11:42:47 IST" skipped="0">
  <testcase classname="testCases.TC003_LoginDDT" name="verify_loginDDT" time="33.103"/>
  <testcase classname="testCases.TC003_LoginDDT" name="verify_loginDDT" time="6.123"/>
  <testcase classname="testCases.TC003_LoginDDT" name="verify_loginDDT" time="33.974"/>
  <testcase classname="testCases.TC003_LoginDDT" name="verify_loginDDT" time="33.242"/>
  <testcase classname="testCases.TC003_LoginDDT" name="verify_loginDDT" time="9.856"/>
</testsuite> <!-- testCases.TC003_LoginDDT -->
