<?xml version="1.0" encoding="UTF-8"?>
<!-- Generated by org.testng.reporters.JUnitReportReporter -->
<testsuite hostname="DESKTOP-ABLBB1N" failures="0" tests="5" name="testCases.TC003_LoginDDT" time="112.841" errors="0" timestamp="2025-01-02T10:39:05 IST" skipped="0">
  <testcase classname="testCases.TC003_LoginDDT" name="verify_loginDDT" time="33.472"/>
  <testcase classname="testCases.TC003_LoginDDT" name="verify_loginDDT" time="7.226"/>
  <testcase classname="testCases.TC003_LoginDDT" name="verify_loginDDT" time="32.606"/>
  <testcase classname="testCases.TC003_LoginDDT" name="verify_loginDDT" time="33.261"/>
  <testcase classname="testCases.TC003_LoginDDT" name="verify_loginDDT" time="6.276"/>
</testsuite> <!-- testCases.TC003_LoginDDT -->
