<?xml version="1.0" encoding="UTF-8"?>
<!-- Generated by org.testng.reporters.JUnitReportReporter -->
<testsuite hostname="DESKTOP-ABLBB1N" failures="0" tests="1" name="testCases.TC001_AccountRegistration_Test" time="502.937" errors="0" timestamp="2024-11-15T15:00:59 IST" skipped="0">
  <testcase classname="testCases.TC001_AccountRegistration_Test" name="verify_account_registration" time="502.937"/>
</testsuite> <!-- testCases.TC001_AccountRegistration_Test -->
