<?xml version="1.0" encoding="UTF-8"?>
<!-- Generated by org.testng.reporters.JUnitReportReporter -->
<testsuite hostname="DESKTOP-ABLBB1N" failures="0" tests="5" name="testCases.TC003_LoginDDT" time="119.042" errors="0" timestamp="2025-03-17T10:16:57 IST" skipped="0">
  <testcase classname="testCases.TC003_LoginDDT" name="verify_loginDDT" time="13.423"/>
  <testcase classname="testCases.TC003_LoginDDT" name="verify_loginDDT" time="33.817"/>
  <testcase classname="testCases.TC003_LoginDDT" name="verify_loginDDT" time="33.551"/>
  <testcase classname="testCases.TC003_LoginDDT" name="verify_loginDDT" time="4.704"/>
  <testcase classname="testCases.TC003_LoginDDT" name="verify_loginDDT" time="33.547"/>
</testsuite> <!-- testCases.TC003_LoginDDT -->
