<?xml version="1.0" encoding="UTF-8"?>
<!-- Generated by org.testng.reporters.JUnitReportReporter -->
<testsuite hostname="DESKTOP-ABLBB1N" failures="0" tests="1" name="testCases.TC002_LoginTest" time="5.815" errors="0" timestamp="2025-01-02T11:42:47 IST" skipped="0">
  <testcase classname="testCases.TC002_LoginTest" name="verify_login" time="5.815"/>
</testsuite> <!-- testCases.TC002_LoginTest -->
