<?xml version="1.0" encoding="UTF-8"?>
<!-- Generated by org.testng.reporters.JUnitReportReporter -->
<testsuite hostname="DESKTOP-ABLBB1N" failures="0" tests="5" name="testCases.TC003_LoginDDT" time="113.830" errors="0" timestamp="2025-01-11T15:52:37 IST" skipped="0">
  <testcase classname="testCases.TC003_LoginDDT" name="verify_loginDDT" time="33.715"/>
  <testcase classname="testCases.TC003_LoginDDT" name="verify_loginDDT" time="8.382"/>
  <testcase classname="testCases.TC003_LoginDDT" name="verify_loginDDT" time="33.120"/>
  <testcase classname="testCases.TC003_LoginDDT" name="verify_loginDDT" time="5.074"/>
  <testcase classname="testCases.TC003_LoginDDT" name="verify_loginDDT" time="33.539"/>
</testsuite> <!-- testCases.TC003_LoginDDT -->
