<?xml version="1.0" encoding="UTF-8"?>
<!-- Generated by org.testng.reporters.JUnitReportReporter -->
<testsuite hostname="DESKTOP-ABLBB1N" failures="0" tests="1" name="testCases.TC002_Login_Test" time="9.685" errors="0" timestamp="2024-11-15T16:03:10 IST" skipped="0">
  <testcase classname="testCases.TC002_Login_Test" name="verify_login" time="9.685"/>
</testsuite> <!-- testCases.TC002_Login_Test -->
