<?xml version="1.0" encoding="UTF-8"?>
<!-- Generated by org.testng.reporters.JUnitReportReporter -->
<testsuite hostname="DESKTOP-ABLBB1N" failures="0" tests="1" name="testCases.TC002_LoginTest" time="8.891" errors="0" timestamp="2024-12-31T18:24:25 IST" skipped="0">
  <testcase classname="testCases.TC002_LoginTest" name="verify_login" time="8.891"/>
</testsuite> <!-- testCases.TC002_LoginTest -->
